2024-11-15 20:06:04,492 - INFO - Logger initialized. Log file: logs\task1_pipeline.log
2024-11-15 20:06:04,493 - INFO - Notebook execution started.
2024-11-15 20:14:27,305 - INFO - Cleaning dataset: TSLA
2024-11-15 20:14:27,306 - INFO - Starting data cleaning.
2024-11-15 20:14:27,307 - INFO - Initial data shape: (0, 0)
2024-11-15 20:14:27,352 - INFO - Final data shape: (0, 0)
2024-11-15 20:14:27,354 - INFO - Data cleaning completed.
2024-11-15 20:14:27,356 - INFO - Cleaning dataset: SPY
2024-11-15 20:14:27,357 - INFO - Starting data cleaning.
2024-11-15 20:14:27,358 - INFO - Initial data shape: (0, 0)
2024-11-15 20:14:27,388 - INFO - Final data shape: (0, 0)
2024-11-15 20:14:27,388 - INFO - Data cleaning completed.
2024-11-15 20:14:27,388 - INFO - Cleaning dataset: BND
2024-11-15 20:14:27,388 - INFO - Starting data cleaning.
2024-11-15 20:14:27,388 - INFO - Initial data shape: (0, 0)
2024-11-15 20:14:27,388 - INFO - Final data shape: (0, 0)
2024-11-15 20:14:27,403 - INFO - Data cleaning completed.
2024-11-15 20:59:02,847 - DEBUG - matplotlib data path: c:\Users\USER\Documents\OPLearning\10_Academy\Week_11\myenv\Lib\site-packages\matplotlib\mpl-data
2024-11-15 20:59:03,223 - DEBUG - CONFIGDIR=C:\Users\USER\.matplotlib
2024-11-15 20:59:07,669 - DEBUG - interactive is False
2024-11-15 20:59:07,669 - DEBUG - platform is win32
2024-11-15 20:59:09,106 - DEBUG - CACHEDIR=C:\Users\USER\.matplotlib
2024-11-15 20:59:09,183 - DEBUG - Using fontManager instance from C:\Users\USER\.matplotlib\fontlist-v390.json
2024-11-15 20:59:50,784 - INFO - Logger initialized. Log file: logs\task1_pipeline.log
2024-11-15 21:00:22,630 - INFO - Loading datasets.
2024-11-15 21:01:13,084 - INFO - Cleaning datasets.
2024-11-15 21:01:13,087 - INFO - Cleaning dataset: TSLA
2024-11-15 21:01:13,087 - INFO - Starting data cleaning.
2024-11-15 21:01:13,090 - INFO - Initial data shape: (2014, 6)
2024-11-15 21:01:17,556 - INFO - Ensured numeric type for column: Open
2024-11-15 21:01:17,556 - INFO - Ensured numeric type for column: High
2024-11-15 21:01:17,569 - INFO - Ensured numeric type for column: Low
2024-11-15 21:01:17,569 - INFO - Ensured numeric type for column: Close
2024-11-15 21:01:17,569 - INFO - Ensured numeric type for column: Adj Close
2024-11-15 21:01:17,569 - INFO - Ensured numeric type for column: Volume
2024-11-15 21:01:17,584 - INFO - Final data shape: (2014, 6)
2024-11-15 21:01:17,584 - INFO - Data cleaning completed.
2024-11-15 21:01:17,584 - INFO - Cleaning dataset: SPY
2024-11-15 21:01:17,584 - INFO - Starting data cleaning.
2024-11-15 21:01:17,584 - INFO - Initial data shape: (2014, 6)
2024-11-15 21:01:17,592 - INFO - Ensured numeric type for column: Open
2024-11-15 21:01:17,592 - INFO - Ensured numeric type for column: High
2024-11-15 21:01:17,600 - INFO - Ensured numeric type for column: Low
2024-11-15 21:01:17,600 - INFO - Ensured numeric type for column: Close
2024-11-15 21:01:17,600 - INFO - Ensured numeric type for column: Adj Close
2024-11-15 21:01:17,600 - INFO - Ensured numeric type for column: Volume
2024-11-15 21:01:17,600 - INFO - Final data shape: (2014, 6)
2024-11-15 21:01:17,600 - INFO - Data cleaning completed.
2024-11-15 21:01:17,600 - INFO - Cleaning dataset: BND
2024-11-15 21:01:17,608 - INFO - Starting data cleaning.
2024-11-15 21:01:17,686 - INFO - Initial data shape: (2014, 6)
2024-11-15 21:01:17,703 - INFO - Ensured numeric type for column: Open
2024-11-15 21:01:17,802 - INFO - Ensured numeric type for column: High
2024-11-15 21:01:17,802 - INFO - Ensured numeric type for column: Low
2024-11-15 21:01:17,802 - INFO - Ensured numeric type for column: Close
2024-11-15 21:01:17,810 - INFO - Ensured numeric type for column: Adj Close
2024-11-15 21:01:17,810 - INFO - Ensured numeric type for column: Volume
2024-11-15 21:01:17,819 - INFO - Final data shape: (2014, 6)
2024-11-15 21:01:17,819 - INFO - Data cleaning completed.
2024-11-15 21:02:17,022 - INFO - Logger initialized. Log file: logs\task1_pipeline.log
2024-11-15 21:02:17,348 - INFO - Loading datasets.
2024-11-15 21:02:17,910 - INFO - Cleaning datasets.
2024-11-15 21:02:17,914 - INFO - Cleaning dataset: TSLA
2024-11-15 21:02:17,917 - INFO - Starting data cleaning.
2024-11-15 21:02:17,936 - INFO - Initial data shape: (2014, 6)
2024-11-15 21:02:17,943 - INFO - Ensured numeric type for column: Open
2024-11-15 21:02:17,946 - INFO - Ensured numeric type for column: High
2024-11-15 21:02:17,946 - INFO - Ensured numeric type for column: Low
2024-11-15 21:02:17,949 - INFO - Ensured numeric type for column: Close
2024-11-15 21:02:17,951 - INFO - Ensured numeric type for column: Adj Close
2024-11-15 21:02:17,954 - INFO - Ensured numeric type for column: Volume
2024-11-15 21:02:17,954 - INFO - Final data shape: (2014, 6)
2024-11-15 21:02:17,954 - INFO - Data cleaning completed.
2024-11-15 21:02:17,958 - INFO - Cleaning dataset: SPY
2024-11-15 21:02:17,958 - INFO - Starting data cleaning.
2024-11-15 21:02:17,958 - INFO - Initial data shape: (2014, 6)
2024-11-15 21:02:17,958 - INFO - Ensured numeric type for column: Open
2024-11-15 21:02:17,966 - INFO - Ensured numeric type for column: High
2024-11-15 21:02:17,969 - INFO - Ensured numeric type for column: Low
2024-11-15 21:02:17,972 - INFO - Ensured numeric type for column: Close
2024-11-15 21:02:17,972 - INFO - Ensured numeric type for column: Adj Close
2024-11-15 21:02:17,972 - INFO - Ensured numeric type for column: Volume
2024-11-15 21:02:17,972 - INFO - Final data shape: (2014, 6)
2024-11-15 21:02:17,972 - INFO - Data cleaning completed.
2024-11-15 21:02:17,972 - INFO - Cleaning dataset: BND
2024-11-15 21:02:17,972 - INFO - Starting data cleaning.
2024-11-15 21:02:17,972 - INFO - Initial data shape: (2014, 6)
2024-11-15 21:02:17,982 - INFO - Ensured numeric type for column: Open
2024-11-15 21:02:17,985 - INFO - Ensured numeric type for column: High
2024-11-15 21:02:17,987 - INFO - Ensured numeric type for column: Low
2024-11-15 21:02:17,987 - INFO - Ensured numeric type for column: Close
2024-11-15 21:02:17,991 - INFO - Ensured numeric type for column: Adj Close
2024-11-15 21:02:17,993 - INFO - Ensured numeric type for column: Volume
2024-11-15 21:02:17,993 - INFO - Final data shape: (2014, 6)
2024-11-15 21:02:17,995 - INFO - Data cleaning completed.
2024-11-15 21:02:29,722 - INFO - Performing EDA on TSLA.
2024-11-15 21:02:29,722 - INFO - Performing EDA for dataset: TSLA
2024-11-15 21:02:30,478 - INFO - Summary statistics:
              Open         High  ...    Adj Close        Volume
count  2014.000000  2014.000000  ...  2014.000000  2.014000e+03
mean     88.743650    90.735609  ...    88.662189  1.113914e+08
std     108.718116   111.222595  ...   108.557913  8.025481e+07
min       9.488000    10.331333  ...     9.578000  1.062000e+07
25%      16.224167    16.458333  ...    16.217167  6.335325e+07
50%      21.819667    22.206667  ...    21.881333  8.762100e+07
75%     183.808338   186.592499  ...   182.904999  1.275895e+08
max     411.470001   414.496674  ...   409.970001  9.140820e+08

[8 rows x 6 columns]
2024-11-15 21:02:31,001 - INFO - Correlation matrix:
               Open      High       Low     Close  Adj Close    Volume
Open       1.000000  0.999674  0.999516  0.999037   0.999037 -0.101789
High       0.999674  1.000000  0.999531  0.999561   0.999561 -0.097010
Low        0.999516  0.999531  1.000000  0.999614   0.999614 -0.106888
Close      0.999037  0.999561  0.999614  1.000000   1.000000 -0.100995
Adj Close  0.999037  0.999561  0.999614  1.000000   1.000000 -0.100995
Volume    -0.101789 -0.097010 -0.106888 -0.100995  -0.100995  1.000000
2024-11-15 21:02:31,112 - INFO - Outliers identified: 42
2024-11-15 21:02:31,112 - INFO - Performing EDA on SPY.
2024-11-15 21:02:31,112 - INFO - Performing EDA for dataset: SPY
2024-11-15 21:02:31,135 - INFO - Summary statistics:
              Open         High  ...    Adj Close        Volume
count  2014.000000  2014.000000  ...  2014.000000  2.014000e+03
mean    297.732294   299.417815  ...   273.957763  9.187613e+07
std      80.871703    81.471799  ...    85.302952  4.765484e+07
min     182.339996   184.100006  ...   157.328537  2.027000e+07
25%     226.322498   226.757500  ...   198.774570  6.037552e+07
50%     279.395004   280.580002  ...   254.202118  7.905045e+07
75%     367.944992   370.119995  ...   349.701157  1.080564e+08
max     479.220001   479.980011  ...   458.720306  5.072443e+08

[8 rows x 6 columns]
2024-11-15 21:02:31,152 - INFO - Correlation matrix:
               Open      High       Low     Close  Adj Close    Volume
Open       1.000000  0.999738  0.999656  0.999422   0.998759 -0.231471
High       0.999738  1.000000  0.999424  0.999624   0.999260 -0.221382
Low        0.999656  0.999424  1.000000  0.999671   0.998675 -0.246012
Close      0.999422  0.999624  0.999671  1.000000   0.999286 -0.235608
Adj Close  0.998759  0.999260  0.998675  0.999286   1.000000 -0.226777
Volume    -0.231471 -0.221382 -0.246012 -0.235608  -0.226777  1.000000
2024-11-15 21:02:31,169 - INFO - Outliers identified: 42
2024-11-15 21:02:31,169 - INFO - Performing EDA on BND.
2024-11-15 21:02:31,169 - INFO - Performing EDA for dataset: BND
2024-11-15 21:02:31,176 - INFO - Summary statistics:
              Open         High  ...    Adj Close        Volume
count  2014.000000  2014.000000  ...  2014.000000  2.014000e+03
mean     82.119682    82.225814  ...    70.047950  3.705960e+06
std       3.744186     3.726866  ...     5.329671  2.488405e+06
min      69.139999    69.580002  ...    62.637558  0.000000e+00
25%      80.447502    80.532499  ...    65.995964  1.843650e+06
50%      82.035000    82.139999  ...    67.568302  2.905900e+06
75%      84.570000    84.709999  ...    75.097788  5.016900e+06
max      89.550003    89.589996  ...    79.812950  2.479270e+07

[8 rows x 6 columns]
2024-11-15 21:02:31,192 - INFO - Correlation matrix:
               Open      High       Low     Close  Adj Close    Volume
Open       1.000000  0.998967  0.998603  0.998417   0.603090 -0.033129
High       0.998967  1.000000  0.997215  0.999014   0.607769 -0.019434
Low        0.998603  0.997215  1.000000  0.998675   0.599090 -0.048537
Close      0.998417  0.999014  0.998675  1.000000   0.604387 -0.034605
Adj Close  0.603090  0.607769  0.599090  0.604387   1.000000  0.508142
Volume    -0.033129 -0.019434 -0.048537 -0.034605   0.508142  1.000000
2024-11-15 21:02:31,217 - INFO - Outliers identified: 42
